app/build/outputs/logs/manifest-merger-debug-report.txt
-- Merging decision tree log ---
manifest
ADDED from src\main\AndroidManifest.xml:2:1-39:12
	package
		ADDED from src\main\AndroidManifest.xml:4:5-32
		INJECTED from src\main\AndroidManifest.xml
		INJECTED from src\main\AndroidManifest.xml
	android:versionName
		INJECTED from src\main\AndroidManifest.xml
		INJECTED from src\main\AndroidManifest.xml
	xmlns:tools
		ADDED from src\main\AndroidManifest.xml:3:5-51
	xmlns:android
		ADDED from src\main\AndroidManifest.xml:2:11-69
	android:versionCode
		INJECTED from src\main\AndroidManifest.xml
		INJECTED from src\main\AndroidManifest.xml
uses-permission#android.permission.VIBRATE
ADDED from src\main\AndroidManifest.xml:6:5-65
	android:name
		ADDED from src\main\AndroidManifest.xml:6:22-63
uses-sdk
ADDED from src\main\AndroidManifest.xml:8:5-11:75
MERGED from [com.android.support:appcompat-v7:23.1.1] AndroidManifest.xml:20:5-43
MERGED from [com.android.support:support-v4:23.1.1] AndroidManifest.xml:20:5-43
MERGED from [com.android.support:cardview-v7:23.0.0] AndroidManifest.xml:20:5-43
MERGED from [com.shamanland:fab:0.0.8] AndroidManifest.xml:8:5-10:41
MERGED from [ScribaNotesApp:applib:unspecified] AndroidManifest.xml:29:5-31:41
MERGED from [com.google.android.gms:play-services-wearable:8.3.0] AndroidManifest.xml:18:5-42
MERGED from [com.google.android.gms:play-services-base:8.3.0] AndroidManifest.xml:18:5-42
MERGED from [com.google.android.gms:play-services-basement:8.3.0] AndroidManifest.xml:18:5-42
MERGED from [com.android.support:support-v4:23.1.1] AndroidManifest.xml:20:5-43
MERGED from [com.android.support:appcompat-v7:23.1.1] AndroidManifest.xml:20:5-43
MERGED from [com.android.support:support-v4:23.1.1] AndroidManifest.xml:20:5-43
MERGED from [com.android.support:design:23.1.1] AndroidManifest.xml:20:5-43
MERGED from [com.android.support:appcompat-v7:23.1.1] AndroidManifest.xml:20:5-43
MERGED from [com.android.support:support-v4:23.1.1] AndroidManifest.xml:20:5-43
MERGED from [com.android.support:recyclerview-v7:23.1.1] AndroidManifest.xml:20:5-43
MERGED from [com.android.support:support-v4:23.1.1] AndroidManifest.xml:20:5-43
MERGED from [com.android.support:support-v4:23.1.1] AndroidManifest.xml:20:5-43
MERGED from [no.nordicsemi.android.support.v18:scanner:0.1.1] AndroidManifest.xml:8:5-10:41
MERGED from [com.android.support:support-v4:23.1.1] AndroidManifest.xml:20:5-43
MERGED from [no.nordicsemi.android:log:2.0.0] AndroidManifest.xml:7:5-9:41
MERGED from [ScribaNotesApp:common:unspecified] AndroidManifest.xml:28:5-30:41
MERGED from [com.android.support:support-v4:23.1.1] AndroidManifest.xml:20:5-43
MERGED from [no.nordicsemi.android:dfu:0.6.1] AndroidManifest.xml:7:5-9:41
MERGED from [com.android.support:support-v4:23.1.1] AndroidManifest.xml:20:5-43
	tools:overrideLibrary
		ADDED from src\main\AndroidManifest.xml:8:5-11:75
	android:targetSdkVersion
		INJECTED from src\main\AndroidManifest.xml
		INJECTED from src\main\AndroidManifest.xml
	android:minSdkVersion
		INJECTED from src\main\AndroidManifest.xml
		INJECTED from src\main\AndroidManifest.xml
application
ADDED from src\main\AndroidManifest.xml:12:5-37:19
MERGED from [com.android.support:appcompat-v7:23.1.1] AndroidManifest.xml:22:5-20
MERGED from [com.android.support:support-v4:23.1.1] AndroidManifest.xml:22:5-20
MERGED from [com.android.support:cardview-v7:23.0.0] AndroidManifest.xml:22:5-20
MERGED from [com.shamanland:fab:0.0.8] AndroidManifest.xml:12:5-20
MERGED from [ScribaNotesApp:applib:unspecified] AndroidManifest.xml:49:5-75:19
MERGED from [com.google.android.gms:play-services-wearable:8.3.0] AndroidManifest.xml:19:5-20
MERGED from [com.google.android.gms:play-services-basement:8.3.0] AndroidManifest.xml:20:5-24:19
MERGED from [com.android.support:support-v4:23.1.1] AndroidManifest.xml:22:5-20
MERGED from [com.android.support:appcompat-v7:23.1.1] AndroidManifest.xml:22:5-20
MERGED from [com.android.support:support-v4:23.1.1] AndroidManifest.xml:22:5-20
MERGED from [com.android.support:design:23.1.1] AndroidManifest.xml:22:5-20
MERGED from [com.android.support:appcompat-v7:23.1.1] AndroidManifest.xml:22:5-20
MERGED from [com.android.support:support-v4:23.1.1] AndroidManifest.xml:22:5-20
MERGED from [com.android.support:support-v4:23.1.1] AndroidManifest.xml:22:5-20
MERGED from [com.android.support:support-v4:23.1.1] AndroidManifest.xml:22:5-20
MERGED from [com.android.support:support-v4:23.1.1] AndroidManifest.xml:22:5-20
MERGED from [no.nordicsemi.android:log:2.0.0] AndroidManifest.xml:11:5-53
MERGED from [com.android.support:support-v4:23.1.1] AndroidManifest.xml:22:5-20
MERGED from [com.android.support:support-v4:23.1.1] AndroidManifest.xml:22:5-20
	android:label
		ADDED from src\main\AndroidManifest.xml:15:9-41
	android:fullBackupContent
		ADDED from [ScribaNotesApp:applib:unspecified] AndroidManifest.xml:51:9-41
	android:allowBackup
		ADDED from src\main\AndroidManifest.xml:13:9-35
	android:icon
		ADDED from src\main\AndroidManifest.xml:14:9-49
	android:theme
		ADDED from src\main\AndroidManifest.xml:16:9-48
meta-data#roboguice.modules
ADDED from src\main\AndroidManifest.xml:18:9-20:69
	android:value
		ADDED from src\main\AndroidManifest.xml:20:13-66
	android:name
		ADDED from src\main\AndroidManifest.xml:19:13-45
activity#com.materialnotes.activity.MainActivity
ADDED from src\main\AndroidManifest.xml:22:9-30:20
	android:label
		ADDED from src\main\AndroidManifest.xml:24:13-62
	android:name
		ADDED from src\main\AndroidManifest.xml:23:13-67
intent-filter#android.intent.action.MAIN+android.intent.category.LAUNCHER
ADDED from src\main\AndroidManifest.xml:25:13-29:29
action#android.intent.action.MAIN
ADDED from src\main\AndroidManifest.xml:26:17-69
	android:name
		ADDED from src\main\AndroidManifest.xml:26:25-66
category#android.intent.category.LAUNCHER
ADDED from src\main\AndroidManifest.xml:28:17-77
	android:name
		ADDED from src\main\AndroidManifest.xml:28:27-74
activity#com.materialnotes.activity.EditNoteActivity
ADDED from src\main\AndroidManifest.xml:31:9-33:64
	android:label
		ADDED from src\main\AndroidManifest.xml:33:13-61
	android:name
		ADDED from src\main\AndroidManifest.xml:32:13-71
activity#com.materialnotes.activity.ViewNoteActivity
ADDED from src\main\AndroidManifest.xml:34:9-36:64
	android:label
		ADDED from src\main\AndroidManifest.xml:36:13-61
	android:name
		ADDED from src\main\AndroidManifest.xml:35:13-71
uses-permission#android.permission.WRITE_EXTERNAL_STORAGE
ADDED from [ScribaNotesApp:applib:unspecified] AndroidManifest.xml:33:5-81
	android:name
		ADDED from [ScribaNotesApp:applib:unspecified] AndroidManifest.xml:33:22-78
uses-permission#android.permission.BLUETOOTH
ADDED from [ScribaNotesApp:applib:unspecified] AndroidManifest.xml:34:5-68
MERGED from [ScribaNotesApp:common:unspecified] AndroidManifest.xml:32:5-68
MERGED from [no.nordicsemi.android:dfu:0.6.1] AndroidManifest.xml:11:5-68
	android:name
		ADDED from [ScribaNotesApp:applib:unspecified] AndroidManifest.xml:34:22-65
uses-permission#android.permission.BLUETOOTH_ADMIN
ADDED from [ScribaNotesApp:applib:unspecified] AndroidManifest.xml:35:5-74
MERGED from [ScribaNotesApp:common:unspecified] AndroidManifest.xml:33:5-74
MERGED from [no.nordicsemi.android:dfu:0.6.1] AndroidManifest.xml:12:5-74
	android:name
		ADDED from [ScribaNotesApp:applib:unspecified] AndroidManifest.xml:35:22-71
uses-permission#android.permission.ACCESS_COARSE_LOCATION
ADDED from [ScribaNotesApp:applib:unspecified] AndroidManifest.xml:36:5-81
	android:name
		ADDED from [ScribaNotesApp:applib:unspecified] AndroidManifest.xml:36:22-78
uses-permission#no.nordicsemi.android.LOG
ADDED from [ScribaNotesApp:applib:unspecified] AndroidManifest.xml:37:5-65
	android:name
		ADDED from [ScribaNotesApp:applib:unspecified] AndroidManifest.xml:37:22-62
supports-screens
ADDED from [ScribaNotesApp:applib:unspecified] AndroidManifest.xml:39:5-51
	android:anyDensity
		ADDED from [ScribaNotesApp:applib:unspecified] AndroidManifest.xml:39:23-48
uses-feature#android.hardware.touchscreen
ADDED from [ScribaNotesApp:applib:unspecified] AndroidManifest.xml:42:5-44:36
	android:required
		ADDED from [ScribaNotesApp:applib:unspecified] AndroidManifest.xml:44:9-33
	android:name
		ADDED from [ScribaNotesApp:applib:unspecified] AndroidManifest.xml:43:9-52
uses-feature#android.hardware.bluetooth_le
ADDED from [ScribaNotesApp:applib:unspecified] AndroidManifest.xml:45:5-47:35
	android:required
		ADDED from [ScribaNotesApp:applib:unspecified] AndroidManifest.xml:47:9-32
	android:name
		ADDED from [ScribaNotesApp:applib:unspecified] AndroidManifest.xml:46:9-53
meta-data#com.google.android.gms.version
ADDED from [ScribaNotesApp:applib:unspecified] AndroidManifest.xml:53:9-55:69
MERGED from [com.google.android.gms:play-services-basement:8.3.0] AndroidManifest.xml:21:9-23:69
	android:value
		ADDED from [ScribaNotesApp:applib:unspecified] AndroidManifest.xml:55:13-66
	android:name
		ADDED from [ScribaNotesApp:applib:unspecified] AndroidManifest.xml:54:13-58
activity#no.nordicsemi.android.scriba.hrs.HRSActivity
ADDED from [ScribaNotesApp:applib:unspecified] AndroidManifest.xml:63:9-74:20
	android:label
		ADDED from [ScribaNotesApp:applib:unspecified] AndroidManifest.xml:66:13-35
	android:launchMode
		ADDED from [ScribaNotesApp:applib:unspecified] AndroidManifest.xml:67:13-48
	android:icon
		ADDED from [ScribaNotesApp:applib:unspecified] AndroidManifest.xml:65:13-53
	android:theme
		ADDED from [ScribaNotesApp:applib:unspecified] AndroidManifest.xml:68:13-56
	android:name
		ADDED from [ScribaNotesApp:applib:unspecified] AndroidManifest.xml:64:13-72
intent-filter#android.intent.action.MAIN+no.nordicsemi.android.nrftoolbox.LAUNCHER
ADDED from [ScribaNotesApp:applib:unspecified] AndroidManifest.xml:69:13-73:29
category#no.nordicsemi.android.nrftoolbox.LAUNCHER
ADDED from [ScribaNotesApp:applib:unspecified] AndroidManifest.xml:72:17-86
	android:name
		ADDED from [ScribaNotesApp:applib:unspecified] AndroidManifest.xml:72:27-83